0 info it worked if it ends with ok
1 verbose cli [ 'C:\\Program Files\\nodejs\\node.exe',
1 verbose cli   'C:\\Program Files\\nodejs\\node_modules\\npm\\bin\\npm-cli.js',
1 verbose cli   'run',
1 verbose cli   'cluster' ]
2 info using npm@3.10.3
3 info using node@v6.3.1
4 verbose run-script [ 'precluster', 'cluster', 'postcluster' ]
5 info lifecycle my_actionhero_project@0.0.1~precluster: my_actionhero_project@0.0.1
6 silly lifecycle my_actionhero_project@0.0.1~precluster: no script for precluster, continuing
7 info lifecycle my_actionhero_project@0.0.1~cluster: my_actionhero_project@0.0.1
8 verbose lifecycle my_actionhero_project@0.0.1~cluster: unsafe-perm in lifecycle true
9 verbose lifecycle my_actionhero_project@0.0.1~cluster: PATH: C:\Users\Prometheus\AppData\Roaming\nvm\v6.3.1\node_modules\npm\bin\node-gyp-bin;C:\Node\React-MEEQS\node_modules\.bin;C:\Program Files\nodejs;C:\ProgramData\Oracle\Java\javapath;C:\Program Files\Docker Toolbox;C:\Python27\;C:\Python27\Scripts;C:\Python27\libs;C:\Program Files (x86)\NVIDIA Corporation\PhysX\Common;C:\Windows\system32;C:\Windows;C:\Windows\System32\Wbem;C:\Windows\System32\WindowsPowerShell\v1.0\;C:\Program Files (x86)\ATI Technologies\ATI.ACE\Core-Static;C:\Program Files (x86)\Intel\OpenCL SDK\1.5\bin\x86;C:\Program Files (x86)\Intel\OpenCL SDK\1.5\bin\x64;C:\Program Files (x86)\Git\cmd;C:\Program Files (x86)\Git\bin;C:\Program Files (x86)\AMD\ATI.ACE\Core-Static;D:\Program Files\Calibre2\;C:\ProgramData\chocolatey\bin;C:\Program Files (x86)\Heroku\bin;C:\Program Files (x86)\git\cmd;C:\Program Files\Microsoft\Web Platform Installer\;C:\Program Files\Microsoft SQL Server\Client SDK\ODBC\110\Tools\Binn\;C:\Program Files (x86)\Microsoft SQL Server\120\Tools\Binn\ManagementStudio\;C:\Program Files (x86)\Microsoft SQL Server\120\Tools\Binn\;C:\Program Files\Microsoft SQL Server\120\Tools\Binn\;C:\Program Files (x86)\Microsoft SQL Server\120\DTS\Binn\;C:\Program Files\Microsoft SQL Server\120\DTS\Binn\;C:\Program Files (x86)\Skype\Phone\;C:\Program Files\RabbitMQ Server\rabbitmq_server-3.6.0\sbin;C:\Program Files\Git\cmd;C:\Program Files\PostgreSQL\9.5\bin;C:\Program Files\Microsoft SQL Server\130\Tools\Binn\;C:\Program Files (x86)\Windows Kits\10\Windows Performance Toolkit\;C:\Users\Prometheus\AppData\Roaming\nvm;C:\Program Files\nodejs;C:\Program Files\TortoiseGit\bin;D:\Program Files\MongoDB\Server\3.2\bin;C:\Program Files\Java\jdk1.8.0_101\bin;
10 verbose lifecycle my_actionhero_project@0.0.1~cluster: CWD: C:\Node\React-MEEQS
11 silly lifecycle my_actionhero_project@0.0.1~cluster: Args: [ '/d /s /c',
11 silly lifecycle   'node node_modules/babel-cli/bin/babel-node  --max_old_space_size=8192 --harmony ./node_modules/actionhero/bin/actionhero startCluster' ]
12 silly lifecycle my_actionhero_project@0.0.1~cluster: Returned: code: 1  signal: null
13 info lifecycle my_actionhero_project@0.0.1~cluster: Failed to exec cluster script
14 verbose stack Error: my_actionhero_project@0.0.1 cluster: `node node_modules/babel-cli/bin/babel-node  --max_old_space_size=8192 --harmony ./node_modules/actionhero/bin/actionhero startCluster`
14 verbose stack Exit status 1
14 verbose stack     at EventEmitter.<anonymous> (C:\Users\Prometheus\AppData\Roaming\nvm\v6.3.1\node_modules\npm\lib\utils\lifecycle.js:242:16)
14 verbose stack     at emitTwo (events.js:106:13)
14 verbose stack     at EventEmitter.emit (events.js:191:7)
14 verbose stack     at ChildProcess.<anonymous> (C:\Users\Prometheus\AppData\Roaming\nvm\v6.3.1\node_modules\npm\lib\utils\spawn.js:40:14)
14 verbose stack     at emitTwo (events.js:106:13)
14 verbose stack     at ChildProcess.emit (events.js:191:7)
14 verbose stack     at maybeClose (internal/child_process.js:852:16)
14 verbose stack     at Process.ChildProcess._handle.onexit (internal/child_process.js:215:5)
15 verbose pkgid my_actionhero_project@0.0.1
16 verbose cwd C:\Node\React-MEEQS
17 error Windows_NT 6.1.7601
18 error argv "C:\\Program Files\\nodejs\\node.exe" "C:\\Program Files\\nodejs\\node_modules\\npm\\bin\\npm-cli.js" "run" "cluster"
19 error node v6.3.1
20 error npm  v3.10.3
21 error code ELIFECYCLE
22 error my_actionhero_project@0.0.1 cluster: `node node_modules/babel-cli/bin/babel-node  --max_old_space_size=8192 --harmony ./node_modules/actionhero/bin/actionhero startCluster`
22 error Exit status 1
23 error Failed at the my_actionhero_project@0.0.1 cluster script 'node node_modules/babel-cli/bin/babel-node  --max_old_space_size=8192 --harmony ./node_modules/actionhero/bin/actionhero startCluster'.
23 error Make sure you have the latest version of node.js and npm installed.
23 error If you do, this is most likely a problem with the my_actionhero_project package,
23 error not with npm itself.
23 error Tell the author that this fails on your system:
23 error     node node_modules/babel-cli/bin/babel-node  --max_old_space_size=8192 --harmony ./node_modules/actionhero/bin/actionhero startCluster
23 error You can get information on how to open an issue for this project with:
23 error     npm bugs my_actionhero_project
23 error Or if that isn't available, you can get their info via:
23 error     npm owner ls my_actionhero_project
23 error There is likely additional logging output above.
24 verbose exit [ 1, true ]
